        -:    0:Source:src/identifier.c
        -:    0:Graph:identifier.gcno
        -:    0:Data:identifier.gcda
        -:    0:Runs:11
        -:    0:Programs:1
        -:    1:// ----------------------------------------------------------------
        -:    2:// ESPECIFICAÇÃO: O programa deve determinar se um identificador
        -:    3:// é ou não válido. Um identificador válido deve começar com uma
        -:    4:// letra e conter apenas letras ou dígitos. Além disto, deve ter
        -:    5:// no mínimo 1 caractere e no máximo 6 caracteres de comprimento
        -:    6:// ----------------------------------------------------------------
        -:    7:
        -:    8:#include <stdio.h>
        -:    9:
function valid_s called 11 returned 100% blocks executed 100%
       11:   10:int valid_s(char ch) {
       11:   11:  if (((ch >= 'A') && (ch <= 'Z')) || ((ch >= 'a') && (ch <= 'z')))
branch  0 taken 73% (fallthrough)
branch  1 taken 27%
branch  2 taken 88% (fallthrough)
branch  3 taken 13%
branch  4 taken 70% (fallthrough)
branch  5 taken 30%
branch  6 taken 100% (fallthrough)
branch  7 taken 0%
        8:   12:    return 1;
        -:   13:  else
        3:   14:    return 0;
        -:   15:}
        -:   16:
function valid_f called 30 returned 100% blocks executed 100%
       30:   17:int valid_f(char ch) {
       30:   18:  if (((ch >= 'A') && (ch <= 'Z')) || ((ch >= 'a') && (ch <= 'z')) || ((ch >= '0') && (ch <= '9')))
branch  0 taken 60% (fallthrough)
branch  1 taken 40%
branch  2 taken 94% (fallthrough)
branch  3 taken 6%
branch  4 taken 59% (fallthrough)
branch  5 taken 41%
branch  6 taken 0% (fallthrough)
branch  7 taken 100%
branch  8 taken 92% (fallthrough)
branch  9 taken 8%
branch 10 taken 100% (fallthrough)
branch 11 taken 0%
       29:   19:    return 1;
        -:   20:  else
        1:   21:    return 0;
        -:   22:}
        -:   23:
function main called 11 returned 100% blocks executed 100%
       11:   24:int main(void) {
        -:   25:  char achar;
        -:   26:  int  length, valid_id;
       11:   27:  length = 0;
       11:   28:  printf("Identificador: ");
call    0 returned 100%
       11:   29:  achar = fgetc(stdin);
call    0 returned 100%
       11:   30:  valid_id = valid_s(achar);
call    0 returned 100%
       11:   31:  if(valid_id) {
branch  0 taken 73% (fallthrough)
branch  1 taken 27%
        8:   32:    length = 1;
        -:   33:  }
       11:   34:  achar = fgetc(stdin);
call    0 returned 100%
       52:   35:  while(achar != '\n') {
branch  0 taken 73%
branch  1 taken 27% (fallthrough)
       30:   36:    if(!(valid_f(achar))) {
call    0 returned 100%
branch  1 taken 3% (fallthrough)
branch  2 taken 97%
        1:   37:      valid_id = 0;
        -:   38:    }
       30:   39:    length++;
       30:   40:    achar = fgetc(stdin);
call    0 returned 100%
        -:   41:  }
       11:   42:  if (valid_id && (length >= 1) && (length < 6)) {
branch  0 taken 64% (fallthrough)
branch  1 taken 36%
branch  2 taken 100% (fallthrough)
branch  3 taken 0%
branch  4 taken 86% (fallthrough)
branch  5 taken 14%
        6:   43:    printf("Valido\n");
call    0 returned 100%
        6:   44:    return 0;
        -:   45:  }
        -:   46:  else {
        5:   47:    printf("Invalido\n");
call    0 returned 100%
        5:   48:    return 1;
        -:   49:  }
        -:   50:}
